<?xml version="1.0" encoding="UTF-8"?>
<!-- Generated by org.testng.reporters.JUnitReportReporter -->
<testsuite hostname="DESKTOP-1FBI19U" failures="0" tests="1" name="CompleteSeleniumFramework.Tests.ErrorValidations" time="7.827" errors="0" timestamp="2025-05-02T15:36:49 EDT" skipped="0">
  <testcase classname="CompleteSeleniumFramework.Tests.ErrorValidations" name="logInErrorValidation" time="7.827"/>
</testsuite> <!-- CompleteSeleniumFramework.Tests.ErrorValidations -->
