<?xml version="1.0" encoding="UTF-8"?>
<!-- Generated by org.testng.reporters.JUnitReportReporter -->
<testsuite hostname="DESKTOP-1FBI19U" failures="0" tests="1" name="cucumber.TestNGTestRunner" time="13.038" errors="0" timestamp="2025-05-05T16:53:20 EDT" skipped="0">
  <testcase classname="cucumber.TestNGTestRunner" name="runScenario" time="13.038"/>
</testsuite> <!-- cucumber.TestNGTestRunner -->
