<?xml version="1.0" encoding="UTF-8"?>
<!-- Generated by org.testng.reporters.JUnitReportReporter -->
<testsuite hostname="DESKTOP-1FBI19U" failures="0" tests="2" name="CompleteSeleniumFramework.Tests.SubmitOrderTest" time="22.451" errors="0" timestamp="2025-05-02T15:36:19 EDT" skipped="0">
  <testcase classname="CompleteSeleniumFramework.Tests.SubmitOrderTest" name="submitOrder" time="10.609"/>
  <testcase classname="CompleteSeleniumFramework.Tests.SubmitOrderTest" name="submitOrder" time="11.842"/>
</testsuite> <!-- CompleteSeleniumFramework.Tests.SubmitOrderTest -->
