<?xml version="1.0" encoding="UTF-8"?>
<!-- Generated by org.testng.reporters.JUnitReportReporter -->
<testsuite hostname="DESKTOP-1FBI19U" failures="0" tests="3" name="CompleteSeleniumFramework.Tests.SubmitOrderTest" time="39.516" errors="0" timestamp="2025-05-07T10:49:01 EDT" skipped="0">
  <testcase classname="CompleteSeleniumFramework.Tests.SubmitOrderTest" name="OrderHistoryTest" time="14.458"/>
  <testcase classname="CompleteSeleniumFramework.Tests.SubmitOrderTest" name="submitOrder" time="12.565"/>
  <testcase classname="CompleteSeleniumFramework.Tests.SubmitOrderTest" name="submitOrder" time="12.493"/>
</testsuite> <!-- CompleteSeleniumFramework.Tests.SubmitOrderTest -->
