<?xml version="1.0" encoding="UTF-8"?>
<!-- Generated by org.testng.reporters.JUnitReportReporter -->
<testsuite hostname="DESKTOP-1FBI19U" failures="0" tests="2" name="CompleteSeleniumFramework.Tests.ErrorValidations" time="26.065" errors="0" timestamp="2025-05-07T10:49:01 EDT" skipped="0">
  <testcase classname="CompleteSeleniumFramework.Tests.ErrorValidations" name="logInErrorValidation" time="14.992"/>
  <testcase classname="CompleteSeleniumFramework.Tests.ErrorValidations" name="ProductErrorValidation" time="11.073"/>
</testsuite> <!-- CompleteSeleniumFramework.Tests.ErrorValidations -->
